warning: Git tree '/etc/nixos' is dirty
building the system configuration...
warning: Git tree '/etc/nixos' is dirty
trace: warning: The ‘gnome.cheese’ was moved to top-level. Please use ‘pkgs.cheese’ directly.
trace: warning: The option `hardware.opengl.enable' defined in `/nix/store/4w2s81sa22gvm4iwrwskyrla4xy5nf86-source/configuration.nix' has been renamed to `hardware.graphics.enable'.
these 12 derivations will be built:
  /nix/store/cmgdhrvivfl1cija65qjcas2akngvbcq-cmus-2.11.0.drv
  /nix/store/2a2njrbjwl4ia24yr2jfmqhl3arksp46-home-manager-path.drv
  /nix/store/1gvnssyh0nzy8d1yd72prpw2fhxq7y22-hm_fontconfigconf.d10hmfonts.conf.drv
  /nix/store/7njpnhm8arbvg9n22gz03lylkx4rb4pc-sway.conf.drv
  /nix/store/2lnkr2s6z6ndspwcqqpaq56piysj5hgj-activation-script.drv
  /nix/store/kzr2b9v4g7fksksf4b91zvf51ay095yl-home-manager-files.drv
  /nix/store/a03mqqkgqy4b0cg47q0syfnj01p89klf-home-manager-generation.drv
  /nix/store/9wihhzldv3lknd765p9v3m7d79ac8mr0-unit-home-manager-j-x2dace-x2dsvg.service.drv
  /nix/store/fdb0xdsp8z4j7kw106jq4d46dslq1s4w-system-units.drv
  /nix/store/y8j8f162fwvk4qq7mqpxmdm7y4yxgqrr-user-environment.drv
  /nix/store/q57n1zkr30l8xsnb881ykvfhkayzx3x3-etc.drv
  /nix/store/f203fa9zp8qgnhli5lsfjhv994yw782z-nixos-system-nixos-24.11.20240714.693bc46.drv
these 11 paths will be fetched (0.64 MiB download, 3.63 MiB unpacked):
  /nix/store/p6jd7041xggbkwyfzrgsm8ccj370w1hz-ffmpeg-6.1.1-dev
  /nix/store/parhs7scfmjgizn8pj6r535gndrsrg38-flac-1.4.3-dev
  /nix/store/866vihbas2mqi57zv6fmy8497cfzvrbf-libcue-2.3.0
  /nix/store/hmv3pk8hdq5ip6a2a4acgl588g60dvz1-libmad-0.15.1b-dev
  /nix/store/1fcavnvirgvwpsww2y30a6bk8br9jpjv-libmikmod-3.3.11.1-dev
  /nix/store/7n3w8w8qni96rk2rkj9xg6q91m5vaywm-libmodplug-0.8.9.0-dev
  /nix/store/bnsdrgak9j1cy3x0r4iqf09icprg58jj-libmpcdec-1.2.6
  /nix/store/qpj5z1rcqigqxdxlnkz9f9xxlz9kbfdf-libopus-1.5.2-dev
  /nix/store/p0jqznpb60xkssmn0awfhx0fj342x08z-opusfile-0.12-dev
  /nix/store/v18c8rcr76zzylw4g9ylzkpr5qj3h4zc-source
  /nix/store/57fgzkb20yr4s7aaaa0sxnzq7fa4q31c-wavpack-5.7.0-dev
copying path '/nix/store/866vihbas2mqi57zv6fmy8497cfzvrbf-libcue-2.3.0' from 'https://cache.nixos.org'...
copying path '/nix/store/v18c8rcr76zzylw4g9ylzkpr5qj3h4zc-source' from 'https://cache.nixos.org'...
copying path '/nix/store/p6jd7041xggbkwyfzrgsm8ccj370w1hz-ffmpeg-6.1.1-dev' from 'https://cache.nixos.org'...
copying path '/nix/store/parhs7scfmjgizn8pj6r535gndrsrg38-flac-1.4.3-dev' from 'https://cache.nixos.org'...
copying path '/nix/store/hmv3pk8hdq5ip6a2a4acgl588g60dvz1-libmad-0.15.1b-dev' from 'https://cache.nixos.org'...
copying path '/nix/store/1fcavnvirgvwpsww2y30a6bk8br9jpjv-libmikmod-3.3.11.1-dev' from 'https://cache.nixos.org'...
copying path '/nix/store/7n3w8w8qni96rk2rkj9xg6q91m5vaywm-libmodplug-0.8.9.0-dev' from 'https://cache.nixos.org'...
copying path '/nix/store/bnsdrgak9j1cy3x0r4iqf09icprg58jj-libmpcdec-1.2.6' from 'https://cache.nixos.org'...
copying path '/nix/store/57fgzkb20yr4s7aaaa0sxnzq7fa4q31c-wavpack-5.7.0-dev' from 'https://cache.nixos.org'...
copying path '/nix/store/qpj5z1rcqigqxdxlnkz9f9xxlz9kbfdf-libopus-1.5.2-dev' from 'https://cache.nixos.org'...
building '/nix/store/7njpnhm8arbvg9n22gz03lylkx4rb4pc-sway.conf.drv'...
copying path '/nix/store/p0jqznpb60xkssmn0awfhx0fj342x08z-opusfile-0.12-dev' from 'https://cache.nixos.org'...
building '/nix/store/cmgdhrvivfl1cija65qjcas2akngvbcq-cmus-2.11.0.drv'...
building '/nix/store/2lnkr2s6z6ndspwcqqpaq56piysj5hgj-activation-script.drv'...
building '/nix/store/2a2njrbjwl4ia24yr2jfmqhl3arksp46-home-manager-path.drv'...
building '/nix/store/1gvnssyh0nzy8d1yd72prpw2fhxq7y22-hm_fontconfigconf.d10hmfonts.conf.drv'...
building '/nix/store/y8j8f162fwvk4qq7mqpxmdm7y4yxgqrr-user-environment.drv'...
building '/nix/store/kzr2b9v4g7fksksf4b91zvf51ay095yl-home-manager-files.drv'...
building '/nix/store/a03mqqkgqy4b0cg47q0syfnj01p89klf-home-manager-generation.drv'...
building '/nix/store/9wihhzldv3lknd765p9v3m7d79ac8mr0-unit-home-manager-j-x2dace-x2dsvg.service.drv'...
building '/nix/store/fdb0xdsp8z4j7kw106jq4d46dslq1s4w-system-units.drv'...
building '/nix/store/q57n1zkr30l8xsnb881ykvfhkayzx3x3-etc.drv'...
building '/nix/store/f203fa9zp8qgnhli5lsfjhv994yw782z-nixos-system-nixos-24.11.20240714.693bc46.drv'...
activating the configuration...
setting up /etc...
reloading user units for j-ace-svg...
restarting sysinit-reactivation.target
restarting the following units: home-manager-j\x2dace\x2dsvg.service
the following new units were started: sysinit-reactivation.target, systemd-tmpfiles-resetup.service
